> Task :checkKotlinGradlePluginConfigurationErrors SKIPPED
> Task :compileKotlin UP-TO-DATE
> Task :compileJava NO-SOURCE
> Task :processResources NO-SOURCE
> Task :classes UP-TO-DATE

> Task :run
09:05:01.905 [main] INFO io.ktor.server.Application -- Autoreload is disabled because the development mode is off.
WARNING: A restricted method in java.lang.System has been called
WARNING: java.lang.System::load has been called by org.sqlite.SQLiteJDBCLoader in an unnamed module (file:/Users/partha.sarkar/.gradle/caches/modules-2/files-2.1/org.xerial/sqlite-jdbc/3.51.1.0/fb803f82297e7738577c1fadbbe3e1ec9b904703/sqlite-jdbc-3.51.1.0.jar)
WARNING: Use --enable-native-access=ALL-UNNAMED to avoid a warning for callers in this module
WARNING: Restricted methods will be blocked in a future release unless native access is enabled

Loaded 112 inflation records and 98 return records.
09:05:02.193 [main] INFO io.ktor.server.Application -- Application started in 0.381 seconds.
09:05:02.198 [main] DEBUG io.netty.util.internal.logging.InternalLoggerFactory -- Using SLF4J as the default logging framework
09:05:02.202 [main] DEBUG io.netty.util.internal.PlatformDependent0 -- Java version: 25
09:05:02.202 [main] DEBUG io.netty.util.internal.PlatformDependent0 -- -Dio.netty.noUnsafe: false
09:05:02.202 [main] DEBUG io.netty.util.internal.PlatformDependent0 -- sun.misc.Unsafe: unavailable (io.netty.noUnsafe=true by default on Java 25+)
09:05:02.202 [main] DEBUG io.netty.util.internal.PlatformDependent0 -- java.nio.DirectByteBuffer.<init>(long, {int,long}): unavailable
09:05:02.207 [main] DEBUG io.netty.util.internal.PlatformDependent -- maxDirectMemory: 4831838208 bytes (maybe)
09:05:02.207 [main] DEBUG io.netty.util.internal.PlatformDependent -- -Dio.netty.tmpdir: /var/folders/wy/phk9y7617n33ykn1jnzn4yfc0000gp/T (java.io.tmpdir)
09:05:02.207 [main] DEBUG io.netty.util.internal.PlatformDependent -- -Dio.netty.bitMode: 64 (sun.arch.data.model)
09:05:02.207 [main] DEBUG io.netty.util.internal.PlatformDependent -- Platform: MacOS
09:05:02.207 [main] DEBUG io.netty.util.internal.PlatformDependent -- -Dio.netty.maxDirectMemory: -1 bytes
09:05:02.207 [main] DEBUG io.netty.util.internal.CleanerJava9 -- java.nio.ByteBuffer.cleaner(): unavailable
java.lang.UnsupportedOperationException: sun.misc.Unsafe unavailable
	at io.netty.util.internal.CleanerJava9.<clinit>(CleanerJava9.java:70)
	at io.netty.util.internal.PlatformDependent.<clinit>(PlatformDependent.java:198)
	at io.netty.util.internal.ClassInitializerUtil.tryLoadClasses(ClassInitializerUtil.java:32)
	at io.netty.channel.kqueue.Native.<clinit>(Native.java:65)
	at io.netty.channel.kqueue.KQueue.<clinit>(KQueue.java:38)
	at io.ktor.server.netty.NettyApplicationEngineKt.getChannelClass(NettyApplicationEngine.kt:322)
	at io.ktor.server.netty.EventLoopGroupProxy$Companion.create(EventLoopGroupProxy.kt:32)
	at io.ktor.server.netty.NettyApplicationEngine.connectionEventGroup_delegate$lambda$0(NettyApplicationEngine.kt:162)
	at kotlin.SynchronizedLazyImpl.getValue(LazyJVM.kt:86)
	at io.ktor.server.netty.NettyApplicationEngine.getConnectionEventGroup(NettyApplicationEngine.kt:161)
	at io.ktor.server.netty.NettyApplicationEngine.createBootstrap(NettyApplicationEngine.kt:208)
	at io.ktor.server.netty.NettyApplicationEngine.bootstraps_delegate$lambda$0(NettyApplicationEngine.kt:202)
	at kotlin.SynchronizedLazyImpl.getValue(LazyJVM.kt:86)
	at io.ktor.server.netty.NettyApplicationEngine.getBootstraps$ktor_server_netty(NettyApplicationEngine.kt:201)
	at io.ktor.server.netty.NettyApplicationEngine.start(NettyApplicationEngine.kt:252)
	at io.ktor.server.netty.NettyApplicationEngine.start(NettyApplicationEngine.kt:38)
	at io.ktor.server.engine.EmbeddedServer.start(EmbeddedServerJvm.kt:335)
	at com.retirement.ApplicationKt.main(Application.kt:10)
	at com.retirement.ApplicationKt.main(Application.kt)
09:05:02.242 [main] DEBUG io.netty.util.internal.CleanerJava24Linker -- java.nio.ByteBuffer.cleaner(): available
09:05:02.242 [main] DEBUG io.netty.util.internal.PlatformDependent -- -Dio.netty.noPreferDirect: false
09:05:02.243 [main] DEBUG io.netty.util.internal.PlatformDependent -- -Dio.netty.jfr.enabled: true
09:05:02.244 [main] DEBUG io.netty.util.internal.PlatformDependent -- java.lang.invoke.VarHandle: available
09:05:02.244 [main] DEBUG io.netty.util.internal.PlatformDependent -- -Dio.netty.varHandle.enabled: true
09:05:02.248 [main] DEBUG io.netty.util.internal.NativeLibraryLoader -- -Dio.netty.native.workdir: /var/folders/wy/phk9y7617n33ykn1jnzn4yfc0000gp/T (io.netty.tmpdir)
09:05:02.248 [main] DEBUG io.netty.util.internal.NativeLibraryLoader -- -Dio.netty.native.deleteLibAfterLoading: true
09:05:02.248 [main] DEBUG io.netty.util.internal.NativeLibraryLoader -- -Dio.netty.native.tryPatchShadedId: true
09:05:02.248 [main] DEBUG io.netty.util.internal.NativeLibraryLoader -- -Dio.netty.native.detectNativeLibraryDuplicates: true
09:05:02.256 [main] DEBUG io.netty.channel.kqueue.KQueue -- KQueue support is not available: could not load a native library: netty_transport_native_kqueue_aarch_64
09:05:02.260 [main] DEBUG io.netty.channel.epoll.Epoll -- Epoll support is not available: null
09:05:02.263 [main] DEBUG io.netty.channel.MultithreadEventLoopGroup -- -Dio.netty.eventLoopThreads: 24
09:05:02.263 [main] DEBUG io.netty.channel.nio.NioIoHandler -- -Dio.netty.noKeySetOptimization: false
09:05:02.263 [main] DEBUG io.netty.channel.nio.NioIoHandler -- -Dio.netty.selectorAutoRebuildThreshold: 512
09:05:02.266 [main] DEBUG io.netty.util.concurrent.GlobalEventExecutor -- -Dio.netty.globalEventExecutor.quietPeriodSeconds: 1
09:05:02.267 [main] DEBUG io.netty.util.internal.InternalThreadLocalMap -- -Dio.netty.threadLocalMap.stringBuilder.initialSize: 1024
09:05:02.267 [main] DEBUG io.netty.util.internal.InternalThreadLocalMap -- -Dio.netty.threadLocalMap.stringBuilder.maxSize: 4096
09:05:02.269 [main] DEBUG io.netty.util.internal.PlatformDependent -- org.jctools-core.MpscChunkedArrayQueue: unavailable
09:05:02.281 [main] DEBUG io.netty.channel.DefaultChannelId -- -Dio.netty.processId: 80766 (auto-detected)
09:05:02.283 [main] DEBUG io.netty.util.NetUtil -- -Djava.net.preferIPv4Stack: false
09:05:02.283 [main] DEBUG io.netty.util.NetUtil -- -Djava.net.preferIPv6Addresses: false
09:05:02.285 [main] DEBUG io.netty.util.NetUtilInitializations -- Loopback interface: lo0 (lo0, 0:0:0:0:0:0:0:1%lo0)
09:05:02.285 [main] DEBUG io.netty.util.NetUtil -- Failed to get SOMAXCONN from sysctl and file /proc/sys/net/core/somaxconn. Default: 128
09:05:02.286 [main] DEBUG io.netty.channel.DefaultChannelId -- -Dio.netty.machineId: ee:7b:fc:ff:fe:b0:45:9f (auto-detected)
09:05:02.289 [main] DEBUG io.netty.util.ResourceLeakDetector -- -Dio.netty.leakDetection.level: simple
09:05:02.289 [main] DEBUG io.netty.util.ResourceLeakDetector -- -Dio.netty.leakDetection.targetRecords: 4
09:05:02.295 [main] DEBUG io.netty.buffer.AdaptiveByteBufAllocator -- -Dio.netty.allocator.useCachedMagazinesForNonEventLoopThreads: false
09:05:02.300 [main] DEBUG io.netty.util.Recycler -- -Dio.netty.recycler.maxCapacityPerThread: 4096
09:05:02.300 [main] DEBUG io.netty.util.Recycler -- -Dio.netty.recycler.ratio: 8
09:05:02.300 [main] DEBUG io.netty.util.Recycler -- -Dio.netty.recycler.chunkSize: 32
09:05:02.300 [main] DEBUG io.netty.util.Recycler -- -Dio.netty.recycler.blocking: false
09:05:02.300 [main] DEBUG io.netty.util.Recycler -- -Dio.netty.recycler.batchFastThreadLocalOnly: true
09:05:02.302 [main] DEBUG io.netty.buffer.ByteBufUtil -- -Dio.netty.allocator.type: adaptive
09:05:02.302 [main] DEBUG io.netty.buffer.ByteBufUtil -- -Dio.netty.threadLocalDirectBufferSize: 0
09:05:02.302 [main] DEBUG io.netty.buffer.ByteBufUtil -- -Dio.netty.maxThreadLocalCharBufferSize: 16384
09:05:02.303 [main] DEBUG io.netty.bootstrap.ChannelInitializerExtensions -- -Dio.netty.bootstrap.extensions: null
> Task :checkKotlinGradlePluginConfigurationErrors SKIPPED
> Task :compileKotlin UP-TO-DATE
> Task :compileJava NO-SOURCE
> Task :processResources NO-SOURCE
> Task :classes UP-TO-DATE

> Task :run
09:05:14.514 [main] INFO io.ktor.server.Application -- Autoreload is disabled because the development mode is off.
WARNING: A restricted method in java.lang.System has been called
WARNING: java.lang.System::load has been called by org.sqlite.SQLiteJDBCLoader in an unnamed module (file:/Users/partha.sarkar/.gradle/caches/modules-2/files-2.1/org.xerial/sqlite-jdbc/3.51.1.0/fb803f82297e7738577c1fadbbe3e1ec9b904703/sqlite-jdbc-3.51.1.0.jar)
WARNING: Use --enable-native-access=ALL-UNNAMED to avoid a warning for callers in this module
WARNING: Restricted methods will be blocked in a future release unless native access is enabled

Loaded 112 inflation records and 98 return records.
09:05:14.832 [main] INFO io.ktor.server.Application -- Application started in 0.413 seconds.
09:05:14.836 [main] DEBUG io.netty.util.internal.logging.InternalLoggerFactory -- Using SLF4J as the default logging framework
09:05:14.840 [main] DEBUG io.netty.util.internal.PlatformDependent0 -- Java version: 25
09:05:14.840 [main] DEBUG io.netty.util.internal.PlatformDependent0 -- -Dio.netty.noUnsafe: false
09:05:14.840 [main] DEBUG io.netty.util.internal.PlatformDependent0 -- sun.misc.Unsafe: unavailable (io.netty.noUnsafe=true by default on Java 25+)
09:05:14.840 [main] DEBUG io.netty.util.internal.PlatformDependent0 -- java.nio.DirectByteBuffer.<init>(long, {int,long}): unavailable
09:05:14.844 [main] DEBUG io.netty.util.internal.PlatformDependent -- maxDirectMemory: 4831838208 bytes (maybe)
09:05:14.844 [main] DEBUG io.netty.util.internal.PlatformDependent -- -Dio.netty.tmpdir: /var/folders/wy/phk9y7617n33ykn1jnzn4yfc0000gp/T (java.io.tmpdir)
09:05:14.844 [main] DEBUG io.netty.util.internal.PlatformDependent -- -Dio.netty.bitMode: 64 (sun.arch.data.model)
09:05:14.844 [main] DEBUG io.netty.util.internal.PlatformDependent -- Platform: MacOS
09:05:14.844 [main] DEBUG io.netty.util.internal.PlatformDependent -- -Dio.netty.maxDirectMemory: -1 bytes
09:05:14.845 [main] DEBUG io.netty.util.internal.CleanerJava9 -- java.nio.ByteBuffer.cleaner(): unavailable
java.lang.UnsupportedOperationException: sun.misc.Unsafe unavailable
	at io.netty.util.internal.CleanerJava9.<clinit>(CleanerJava9.java:70)
	at io.netty.util.internal.PlatformDependent.<clinit>(PlatformDependent.java:198)
	at io.netty.util.internal.ClassInitializerUtil.tryLoadClasses(ClassInitializerUtil.java:32)
	at io.netty.channel.kqueue.Native.<clinit>(Native.java:65)
	at io.netty.channel.kqueue.KQueue.<clinit>(KQueue.java:38)
	at io.ktor.server.netty.NettyApplicationEngineKt.getChannelClass(NettyApplicationEngine.kt:322)
	at io.ktor.server.netty.EventLoopGroupProxy$Companion.create(EventLoopGroupProxy.kt:32)
	at io.ktor.server.netty.NettyApplicationEngine.connectionEventGroup_delegate$lambda$0(NettyApplicationEngine.kt:162)
	at kotlin.SynchronizedLazyImpl.getValue(LazyJVM.kt:86)
	at io.ktor.server.netty.NettyApplicationEngine.getConnectionEventGroup(NettyApplicationEngine.kt:161)
	at io.ktor.server.netty.NettyApplicationEngine.createBootstrap(NettyApplicationEngine.kt:208)
	at io.ktor.server.netty.NettyApplicationEngine.bootstraps_delegate$lambda$0(NettyApplicationEngine.kt:202)
	at kotlin.SynchronizedLazyImpl.getValue(LazyJVM.kt:86)
	at io.ktor.server.netty.NettyApplicationEngine.getBootstraps$ktor_server_netty(NettyApplicationEngine.kt:201)
	at io.ktor.server.netty.NettyApplicationEngine.start(NettyApplicationEngine.kt:252)
	at io.ktor.server.netty.NettyApplicationEngine.start(NettyApplicationEngine.kt:38)
	at io.ktor.server.engine.EmbeddedServer.start(EmbeddedServerJvm.kt:335)
	at com.retirement.ApplicationKt.main(Application.kt:10)
	at com.retirement.ApplicationKt.main(Application.kt)
09:05:14.873 [main] DEBUG io.netty.util.internal.CleanerJava24Linker -- java.nio.ByteBuffer.cleaner(): available
09:05:14.873 [main] DEBUG io.netty.util.internal.PlatformDependent -- -Dio.netty.noPreferDirect: false
09:05:14.874 [main] DEBUG io.netty.util.internal.PlatformDependent -- -Dio.netty.jfr.enabled: true
09:05:14.875 [main] DEBUG io.netty.util.internal.PlatformDependent -- java.lang.invoke.VarHandle: available
09:05:14.875 [main] DEBUG io.netty.util.internal.PlatformDependent -- -Dio.netty.varHandle.enabled: true
09:05:14.876 [main] DEBUG io.netty.util.internal.NativeLibraryLoader -- -Dio.netty.native.workdir: /var/folders/wy/phk9y7617n33ykn1jnzn4yfc0000gp/T (io.netty.tmpdir)
09:05:14.876 [main] DEBUG io.netty.util.internal.NativeLibraryLoader -- -Dio.netty.native.deleteLibAfterLoading: true
09:05:14.876 [main] DEBUG io.netty.util.internal.NativeLibraryLoader -- -Dio.netty.native.tryPatchShadedId: true
09:05:14.876 [main] DEBUG io.netty.util.internal.NativeLibraryLoader -- -Dio.netty.native.detectNativeLibraryDuplicates: true
09:05:14.885 [main] DEBUG io.netty.channel.kqueue.KQueue -- KQueue support is not available: could not load a native library: netty_transport_native_kqueue_aarch_64
09:05:14.889 [main] DEBUG io.netty.channel.epoll.Epoll -- Epoll support is not available: null
09:05:14.891 [main] DEBUG io.netty.channel.MultithreadEventLoopGroup -- -Dio.netty.eventLoopThreads: 24
09:05:14.892 [main] DEBUG io.netty.channel.nio.NioIoHandler -- -Dio.netty.noKeySetOptimization: false
09:05:14.892 [main] DEBUG io.netty.channel.nio.NioIoHandler -- -Dio.netty.selectorAutoRebuildThreshold: 512
09:05:14.894 [main] DEBUG io.netty.util.concurrent.GlobalEventExecutor -- -Dio.netty.globalEventExecutor.quietPeriodSeconds: 1
09:05:14.895 [main] DEBUG io.netty.util.internal.InternalThreadLocalMap -- -Dio.netty.threadLocalMap.stringBuilder.initialSize: 1024
09:05:14.895 [main] DEBUG io.netty.util.internal.InternalThreadLocalMap -- -Dio.netty.threadLocalMap.stringBuilder.maxSize: 4096
09:05:14.897 [main] DEBUG io.netty.util.internal.PlatformDependent -- org.jctools-core.MpscChunkedArrayQueue: unavailable
09:05:14.910 [main] DEBUG io.netty.channel.DefaultChannelId -- -Dio.netty.processId: 80809 (auto-detected)
09:05:14.911 [main] DEBUG io.netty.util.NetUtil -- -Djava.net.preferIPv4Stack: false
09:05:14.911 [main] DEBUG io.netty.util.NetUtil -- -Djava.net.preferIPv6Addresses: false
09:05:14.913 [main] DEBUG io.netty.util.NetUtilInitializations -- Loopback interface: lo0 (lo0, 0:0:0:0:0:0:0:1%lo0)
09:05:14.913 [main] DEBUG io.netty.util.NetUtil -- Failed to get SOMAXCONN from sysctl and file /proc/sys/net/core/somaxconn. Default: 128
09:05:14.914 [main] DEBUG io.netty.channel.DefaultChannelId -- -Dio.netty.machineId: ee:7b:fc:ff:fe:b0:45:9f (auto-detected)
09:05:14.917 [main] DEBUG io.netty.util.ResourceLeakDetector -- -Dio.netty.leakDetection.level: simple
09:05:14.917 [main] DEBUG io.netty.util.ResourceLeakDetector -- -Dio.netty.leakDetection.targetRecords: 4
09:05:14.922 [main] DEBUG io.netty.buffer.AdaptiveByteBufAllocator -- -Dio.netty.allocator.useCachedMagazinesForNonEventLoopThreads: false
09:05:14.927 [main] DEBUG io.netty.util.Recycler -- -Dio.netty.recycler.maxCapacityPerThread: 4096
09:05:14.927 [main] DEBUG io.netty.util.Recycler -- -Dio.netty.recycler.ratio: 8
09:05:14.927 [main] DEBUG io.netty.util.Recycler -- -Dio.netty.recycler.chunkSize: 32
09:05:14.927 [main] DEBUG io.netty.util.Recycler -- -Dio.netty.recycler.blocking: false
09:05:14.927 [main] DEBUG io.netty.util.Recycler -- -Dio.netty.recycler.batchFastThreadLocalOnly: true
09:05:14.929 [main] DEBUG io.netty.buffer.ByteBufUtil -- -Dio.netty.allocator.type: adaptive
09:05:14.929 [main] DEBUG io.netty.buffer.ByteBufUtil -- -Dio.netty.threadLocalDirectBufferSize: 0
09:05:14.929 [main] DEBUG io.netty.buffer.ByteBufUtil -- -Dio.netty.maxThreadLocalCharBufferSize: 16384
09:05:14.930 [main] DEBUG io.netty.bootstrap.ChannelInitializerExtensions -- -Dio.netty.bootstrap.extensions: null
